
Gurobi 8.0.1 (linux64, Python) logging started Thu Dec 13 10:35:22 2018

Academic license - for non-commercial use only
Optimize a model with 1 rows, 3 columns and 3 nonzeros
Model has 2 quadratic constraints
Coefficient statistics:
  Matrix range     [1e+00, 1e+00]
  QMatrix range    [1e+00, 1e+00]
  Objective range  [1e+00, 1e+00]
  Bounds range     [0e+00, 0e+00]
  RHS range        [1e+00, 1e+00]
Presolve time: 0.01s
Presolved: 6 rows, 6 columns, 13 nonzeros
Presolved model has 2 second-order cone constraints
Ordering time: 0.00s

Barrier statistics:
 AA' NZ     : 1.500e+01
 Factor NZ  : 2.100e+01
 Factor Ops : 9.100e+01 (less than 1 second per iteration)
 Threads    : 1

                  Objective                Residual
Iter       Primal          Dual         Primal    Dual     Compl     Time
   0   2.38095238e-01  2.38095238e-01  8.33e-17 4.33e-01  9.23e-02     0s
   1   3.20481543e-01  3.62123302e-01  2.78e-17 1.39e-02  7.95e-03     0s
   2   3.26649101e-01  3.28651430e-01  1.11e-14 5.44e-04  3.46e-04     0s
   3   3.26797051e-01  3.27019441e-01  5.69e-13 5.98e-10  2.78e-05     0s
   4   3.26990986e-01  3.26994814e-01  2.91e-13 3.48e-13  4.78e-07     0s
   5   3.26992304e-01  3.26992876e-01  8.91e-11 2.63e-14  7.15e-08     0s

Barrier solved model in 5 iterations and 0.04 seconds
Optimal objective 3.26992304e-01

Optimize a model with 0 rows, 2 columns and 0 nonzeros
Model has 3 quadratic objective terms
Model has 1 quadratic constraint
Coefficient statistics:
  Matrix range     [0e+00, 0e+00]
  QMatrix range    [1e+00, 1e+00]
  Objective range  [5e+02, 6e+02]
  QObjective range [1e+01, 6e+03]
  Bounds range     [0e+00, 0e+00]
  RHS range        [0e+00, 0e+00]
  QRHS range       [1e+00, 1e+00]
Presolve time: 0.01s
Presolved: 6 rows, 7 columns, 10 nonzeros
Presolved model has 2 second-order cone constraints
Ordering time: 0.00s

Barrier statistics:
 AA' NZ     : 1.200e+01
 Factor NZ  : 2.100e+01
 Factor Ops : 9.100e+01 (less than 1 second per iteration)
 Threads    : 1

                  Objective                Residual
Iter       Primal          Dual         Primal    Dual     Compl     Time
   0   4.80211780e+01  4.80211780e+01  1.30e-02 2.36e+01  4.17e+00     0s
   1   4.72318857e+01  4.74154538e+01  8.01e-04 9.51e+00  1.37e+00     0s
   2   4.68508274e+01  4.67777255e+01  1.20e-03 2.54e-02  1.55e-01     0s
   3   4.80909926e+01  4.79733804e+01  1.59e-10 2.79e-08  1.18e-02     0s
   4   4.80218203e+01  4.80210884e+01  1.76e-12 3.48e-14  7.32e-05     0s
   5   4.80211788e+01  4.80211778e+01  9.15e-13 1.74e-14  9.48e-08     0s

Barrier solved model in 5 iterations and 0.04 seconds
Optimal objective 4.80211788e+01

Optimize a model with 0 rows, 2 columns and 0 nonzeros
Model has 3 quadratic objective terms
Model has 1 quadratic constraint
Coefficient statistics:
  Matrix range     [0e+00, 0e+00]
  QMatrix range    [1e+00, 1e+00]
  Objective range  [5e+02, 6e+02]
  QObjective range [1e+01, 6e+03]
  Bounds range     [0e+00, 0e+00]
  RHS range        [0e+00, 0e+00]
  QRHS range       [1e+00, 1e+00]
Presolve time: 0.01s
Presolved: 6 rows, 7 columns, 10 nonzeros
Presolved model has 2 second-order cone constraints
Ordering time: 0.00s

Barrier statistics:
 AA' NZ     : 1.200e+01
 Factor NZ  : 2.100e+01
 Factor Ops : 9.100e+01 (less than 1 second per iteration)
 Threads    : 1

                  Objective                Residual
Iter       Primal          Dual         Primal    Dual     Compl     Time
   0   4.80211780e+01  4.80211780e+01  1.30e-02 2.36e+01  4.17e+00     0s
   1   4.72318857e+01  4.74154538e+01  8.01e-04 9.51e+00  1.37e+00     0s
   2   4.68508274e+01  4.67777255e+01  1.20e-03 2.54e-02  1.55e-01     0s
   3   4.80909926e+01  4.79733804e+01  1.59e-10 2.79e-08  1.18e-02     0s
   4   4.80218203e+01  4.80210884e+01  1.76e-12 3.48e-14  7.32e-05     0s
   5   4.80211788e+01  4.80211778e+01  9.15e-13 1.74e-14  9.48e-08     0s

Barrier solved model in 5 iterations and 0.04 seconds
Optimal objective 4.80211788e+01

Optimize a model with 0 rows, 2 columns and 0 nonzeros
Model has 3 quadratic objective terms
Model has 1 quadratic constraint
Coefficient statistics:
  Matrix range     [0e+00, 0e+00]
  QMatrix range    [1e+00, 1e+00]
  Objective range  [5e+02, 6e+02]
  QObjective range [1e+01, 6e+03]
  Bounds range     [0e+00, 0e+00]
  RHS range        [0e+00, 0e+00]
  QRHS range       [1e+00, 1e+00]
Presolve time: 0.01s
Presolved: 6 rows, 7 columns, 10 nonzeros
Presolved model has 2 second-order cone constraints
Ordering time: 0.00s

Barrier statistics:
 AA' NZ     : 1.200e+01
 Factor NZ  : 2.100e+01
 Factor Ops : 9.100e+01 (less than 1 second per iteration)
 Threads    : 1

                  Objective                Residual
Iter       Primal          Dual         Primal    Dual     Compl     Time
   0   4.80211780e+01  4.80211780e+01  1.30e-02 2.36e+01  4.17e+00     0s
   1   4.72318857e+01  4.74154538e+01  8.01e-04 9.51e+00  1.37e+00     0s
   2   4.68508274e+01  4.67777255e+01  1.20e-03 2.54e-02  1.55e-01     0s
   3   4.80909926e+01  4.79733804e+01  1.59e-10 2.79e-08  1.18e-02     0s
   4   4.80218203e+01  4.80210884e+01  1.76e-12 3.48e-14  7.32e-05     0s
   5   4.80211788e+01  4.80211778e+01  9.15e-13 1.74e-14  9.48e-08     0s

Barrier solved model in 5 iterations and 0.04 seconds
Optimal objective 4.80211788e+01

Optimize a model with 0 rows, 2 columns and 0 nonzeros
Model has 3 quadratic objective terms
Model has 1 quadratic constraint
Coefficient statistics:
  Matrix range     [0e+00, 0e+00]
  QMatrix range    [1e+00, 1e+00]
  Objective range  [5e+01, 6e+01]
  QObjective range [1e-01, 6e+01]
  Bounds range     [0e+00, 0e+00]
  RHS range        [0e+00, 0e+00]
  QRHS range       [1e+00, 1e+00]
Presolve time: 0.02s
Presolved: 6 rows, 7 columns, 10 nonzeros
Presolved model has 2 second-order cone constraints
Ordering time: 0.00s

Barrier statistics:
 AA' NZ     : 1.200e+01
 Factor NZ  : 2.100e+01
 Factor Ops : 9.100e+01 (less than 1 second per iteration)
 Threads    : 1

                  Objective                Residual
Iter       Primal          Dual         Primal    Dual     Compl     Time
   0   4.80211780e+01  4.80211780e+01  1.18e-02 2.25e+01  3.96e+00     0s
   1   4.75723185e+01  4.75973162e+01  4.90e-03 6.17e+00  9.14e-01     0s
   2   4.80591640e+01  4.80626307e+01  6.91e-10 2.29e-01  3.25e-02     0s
   3   4.80249436e+01  4.80210628e+01  5.28e-16 2.84e-04  4.29e-04     0s
   4   4.80211864e+01  4.80211684e+01  1.27e-13 1.48e-07  1.82e-06     0s
   5   4.80211783e+01  4.80211777e+01  6.97e-12 1.71e-13  6.81e-08     0s

Barrier solved model in 5 iterations and 0.04 seconds
Optimal objective 4.80211783e+01

Optimize a model with 0 rows, 2 columns and 0 nonzeros
Model has 3 quadratic objective terms
Model has 1 quadratic constraint
Coefficient statistics:
  Matrix range     [0e+00, 0e+00]
  QMatrix range    [1e+00, 1e+00]
  Objective range  [5e+01, 6e+01]
  QObjective range [1e-01, 6e+01]
  Bounds range     [0e+00, 0e+00]
  RHS range        [0e+00, 0e+00]
  QRHS range       [1e+00, 1e+00]
Presolve time: 0.02s
Presolved: 6 rows, 7 columns, 10 nonzeros
Presolved model has 2 second-order cone constraints
Ordering time: 0.00s

Barrier statistics:
 AA' NZ     : 1.200e+01
 Factor NZ  : 2.100e+01
 Factor Ops : 9.100e+01 (less than 1 second per iteration)
 Threads    : 1

                  Objective                Residual
Iter       Primal          Dual         Primal    Dual     Compl     Time
   0   4.80211780e+01  4.80211780e+01  1.18e-02 2.25e+01  3.96e+00     0s
   1   4.75723185e+01  4.75973162e+01  4.90e-03 6.17e+00  9.14e-01     0s
   2   4.80591640e+01  4.80626307e+01  6.91e-10 2.29e-01  3.25e-02     0s
   3   4.80249436e+01  4.80210628e+01  5.28e-16 2.84e-04  4.29e-04     0s
   4   4.80211864e+01  4.80211684e+01  1.27e-13 1.48e-07  1.82e-06     0s
   5   4.80211783e+01  4.80211777e+01  6.97e-12 1.71e-13  6.81e-08     0s

Barrier solved model in 5 iterations and 0.04 seconds
Optimal objective 4.80211783e+01

Optimize a model with 0 rows, 2 columns and 0 nonzeros
Model has 3 quadratic objective terms
Model has 1 quadratic constraint
Coefficient statistics:
  Matrix range     [0e+00, 0e+00]
  QMatrix range    [1e+00, 1e+00]
  Objective range  [5e+01, 6e+01]
  QObjective range [1e-01, 6e+01]
  Bounds range     [0e+00, 0e+00]
  RHS range        [0e+00, 0e+00]
  QRHS range       [1e+00, 1e+00]
Presolve time: 0.01s
Presolved: 6 rows, 7 columns, 10 nonzeros
Presolved model has 2 second-order cone constraints
Ordering time: 0.00s

Barrier statistics:
 AA' NZ     : 1.200e+01
 Factor NZ  : 2.100e+01
 Factor Ops : 9.100e+01 (less than 1 second per iteration)
 Threads    : 1

                  Objective                Residual
Iter       Primal          Dual         Primal    Dual     Compl     Time
   0   4.80211780e+01  4.80211780e+01  1.18e-02 2.25e+01  3.96e+00     0s
   1   4.75723185e+01  4.75973162e+01  4.90e-03 6.17e+00  9.14e-01     0s
   2   4.80591640e+01  4.80626307e+01  6.91e-10 2.29e-01  3.25e-02     0s
   3   4.80249436e+01  4.80210628e+01  5.28e-16 2.84e-04  4.29e-04     0s
   4   4.80211864e+01  4.80211684e+01  1.27e-13 1.48e-07  1.82e-06     0s
   5   4.80211783e+01  4.80211777e+01  6.97e-12 1.71e-13  6.81e-08     0s

Barrier solved model in 5 iterations and 0.04 seconds
Optimal objective 4.80211783e+01

Optimize a model with 0 rows, 2 columns and 0 nonzeros
Model has 3 quadratic objective terms
Coefficient statistics:
  Matrix range     [0e+00, 0e+00]
  Objective range  [5e+01, 6e+01]
  QObjective range [1e-01, 6e+01]
  Bounds range     [0e+00, 0e+00]
  RHS range        [0e+00, 0e+00]
Presolve removed 0 rows and 2 columns
Presolve time: 0.01s
Presolve: All rows and columns removed

Barrier solved model in 0 iterations and 0.02 seconds
Optimal objective 4.80211780e+01
Optimize a model with 0 rows, 2 columns and 0 nonzeros
Model has 3 quadratic objective terms
Model has 1 quadratic constraint
Coefficient statistics:
  Matrix range     [0e+00, 0e+00]
  QMatrix range    [1e+00, 1e+00]
  Objective range  [5e+01, 6e+01]
  QObjective range [1e-01, 6e+01]
  Bounds range     [0e+00, 0e+00]
  RHS range        [0e+00, 0e+00]
  QRHS range       [1e+00, 1e+00]
Presolve time: 0.01s
Presolved: 6 rows, 7 columns, 10 nonzeros
Presolved model has 2 second-order cone constraints
Ordering time: 0.00s

Barrier statistics:
 AA' NZ     : 1.200e+01
 Factor NZ  : 2.100e+01
 Factor Ops : 9.100e+01 (less than 1 second per iteration)
 Threads    : 1

                  Objective                Residual
Iter       Primal          Dual         Primal    Dual     Compl     Time
   0   4.80211780e+01  4.80211780e+01  1.18e-02 2.25e+01  3.96e+00     0s
   1   4.75723185e+01  4.75973162e+01  4.90e-03 6.17e+00  9.14e-01     0s
   2   4.80591640e+01  4.80626307e+01  6.91e-10 2.29e-01  3.25e-02     0s
   3   4.80249436e+01  4.80210628e+01  5.28e-16 2.84e-04  4.29e-04     0s
   4   4.80211864e+01  4.80211684e+01  1.27e-13 1.48e-07  1.82e-06     0s
   5   4.80211783e+01  4.80211777e+01  6.97e-12 1.71e-13  6.81e-08     0s

Barrier solved model in 5 iterations and 0.04 seconds
Optimal objective 4.80211783e+01

Optimize a model with 0 rows, 2 columns and 0 nonzeros
Model has 1 quadratic constraint
Coefficient statistics:
  Matrix range     [0e+00, 0e+00]
  QMatrix range    [1e+00, 1e+00]
  Objective range  [1e+00, 1e+00]
  Bounds range     [0e+00, 0e+00]
  RHS range        [0e+00, 0e+00]
  QRHS range       [1e+00, 1e+00]
Presolve removed 0 rows and 2 columns
Presolve time: 0.01s
Presolve: All rows and columns removed

Barrier solved model in 0 iterations and 0.02 seconds
Optimal objective 0.00000000e+00
Optimize a model with 0 rows, 2 columns and 0 nonzeros
Model has 1 quadratic constraint
Coefficient statistics:
  Matrix range     [0e+00, 0e+00]
  QMatrix range    [1e+00, 1e+00]
  Objective range  [1e+00, 1e+00]
  Bounds range     [0e+00, 0e+00]
  RHS range        [0e+00, 0e+00]
  QRHS range       [1e+00, 1e+00]
Presolve removed 0 rows and 2 columns
Presolve time: 0.01s
Presolve: All rows and columns removed

Barrier solved model in 0 iterations and 0.02 seconds
Optimal objective 0.00000000e+00
Optimize a model with 0 rows, 2 columns and 0 nonzeros
Model has 1 quadratic constraint
Coefficient statistics:
  Matrix range     [0e+00, 0e+00]
  QMatrix range    [1e+00, 1e+00]
  Objective range  [1e+00, 1e+00]
  Bounds range     [0e+00, 0e+00]
  RHS range        [0e+00, 0e+00]
  QRHS range       [1e+00, 1e+00]
Presolve removed 0 rows and 2 columns
Presolve time: 0.01s
Presolve: All rows and columns removed

Barrier solved model in 0 iterations and 0.02 seconds
Optimal objective 0.00000000e+00
Optimize a model with 0 rows, 2 columns and 0 nonzeros
Model has 1 quadratic constraint
Coefficient statistics:
  Matrix range     [0e+00, 0e+00]
  QMatrix range    [1e+00, 1e+00]
  Objective range  [1e+00, 1e+00]
  Bounds range     [0e+00, 0e+00]
  RHS range        [0e+00, 0e+00]
  QRHS range       [1e+00, 1e+00]
Presolve removed 0 rows and 2 columns
Presolve time: 0.01s
Presolve: All rows and columns removed

Barrier solved model in 0 iterations and 0.02 seconds
Optimal objective 0.00000000e+00
Optimize a model with 0 rows, 2 columns and 0 nonzeros
Model has 1 quadratic constraint
Coefficient statistics:
  Matrix range     [0e+00, 0e+00]
  QMatrix range    [1e+00, 1e+00]
  Objective range  [1e+00, 1e+00]
  Bounds range     [0e+00, 0e+00]
  RHS range        [0e+00, 0e+00]
  QRHS range       [1e+00, 1e+00]
Presolve removed 0 rows and 2 columns
Presolve time: 0.01s
Presolve: All rows and columns removed

Barrier solved model in 0 iterations and 0.02 seconds
Optimal objective 0.00000000e+00
Optimize a model with 0 rows, 2 columns and 0 nonzeros
Model has 3 quadratic objective terms
Model has 1 quadratic constraint
Coefficient statistics:
  Matrix range     [0e+00, 0e+00]
  QMatrix range    [1e+00, 1e+00]
  Objective range  [5e+01, 6e+01]
  QObjective range [1e-01, 6e+01]
  Bounds range     [0e+00, 0e+00]
  RHS range        [0e+00, 0e+00]
  QRHS range       [1e+00, 1e+00]
Presolve time: 0.01s
Presolved: 6 rows, 7 columns, 10 nonzeros
Presolved model has 2 second-order cone constraints
Ordering time: 0.00s

Barrier statistics:
 AA' NZ     : 1.200e+01
 Factor NZ  : 2.100e+01
 Factor Ops : 9.100e+01 (less than 1 second per iteration)
 Threads    : 1

                  Objective                Residual
Iter       Primal          Dual         Primal    Dual     Compl     Time
   0   4.80211780e+01  4.80211780e+01  1.18e-02 2.25e+01  3.96e+00     0s
   1   4.75723185e+01  4.75973162e+01  4.90e-03 6.17e+00  9.14e-01     0s
   2   4.80591640e+01  4.80626307e+01  6.91e-10 2.29e-01  3.25e-02     0s
   3   4.80249436e+01  4.80210628e+01  5.28e-16 2.84e-04  4.29e-04     0s
   4   4.80211864e+01  4.80211684e+01  1.27e-13 1.48e-07  1.82e-06     0s
   5   4.80211783e+01  4.80211777e+01  6.97e-12 1.71e-13  6.81e-08     0s

Barrier solved model in 5 iterations and 0.04 seconds
Optimal objective 4.80211783e+01

Optimize a model with 0 rows, 2 columns and 0 nonzeros
Model has 1 quadratic constraint
Coefficient statistics:
  Matrix range     [0e+00, 0e+00]
  QMatrix range    [1e+00, 1e+00]
  Objective range  [1e+00, 1e+00]
  Bounds range     [0e+00, 0e+00]
  RHS range        [0e+00, 0e+00]
  QRHS range       [1e+00, 1e+00]
Presolve removed 0 rows and 2 columns
Presolve time: 0.01s
Presolve: All rows and columns removed

Barrier solved model in 0 iterations and 0.02 seconds
Optimal objective 0.00000000e+00
Optimize a model with 0 rows, 2 columns and 0 nonzeros
Model has 1 quadratic constraint
Coefficient statistics:
  Matrix range     [0e+00, 0e+00]
  QMatrix range    [1e+00, 1e+00]
  Objective range  [1e+00, 1e+00]
  Bounds range     [0e+00, 0e+00]
  RHS range        [0e+00, 0e+00]
  QRHS range       [1e+00, 1e+00]
Presolve removed 0 rows and 2 columns
Presolve time: 0.01s
Presolve: All rows and columns removed

Barrier solved model in 0 iterations and 0.02 seconds
Optimal objective 0.00000000e+00
Optimize a model with 0 rows, 2 columns and 0 nonzeros
Model has 1 quadratic constraint
Coefficient statistics:
  Matrix range     [0e+00, 0e+00]
  QMatrix range    [1e+00, 1e+00]
  Objective range  [1e+00, 1e+00]
  Bounds range     [0e+00, 0e+00]
  RHS range        [0e+00, 0e+00]
  QRHS range       [1e+00, 1e+00]
Presolve removed 0 rows and 2 columns
Presolve time: 0.01s
Presolve: All rows and columns removed

Barrier solved model in 0 iterations and 0.02 seconds
Optimal objective 0.00000000e+00
Optimize a model with 0 rows, 2 columns and 0 nonzeros
Model has 1 quadratic constraint
Coefficient statistics:
  Matrix range     [0e+00, 0e+00]
  QMatrix range    [1e+00, 1e+00]
  Objective range  [1e+00, 1e+00]
  Bounds range     [0e+00, 0e+00]
  RHS range        [0e+00, 0e+00]
  QRHS range       [1e+00, 1e+00]
Presolve removed 0 rows and 2 columns
Presolve time: 0.01s
Presolve: All rows and columns removed

Barrier solved model in 0 iterations and 0.02 seconds
Optimal objective 0.00000000e+00
Optimize a model with 0 rows, 2 columns and 0 nonzeros
Coefficient statistics:
  Matrix range     [0e+00, 0e+00]
  Objective range  [1e+00, 1e+00]
  Bounds range     [0e+00, 0e+00]
  RHS range        [0e+00, 0e+00]
Presolve removed 0 rows and 2 columns
Presolve time: 0.01s
Presolve: All rows and columns removed
Iteration    Objective       Primal Inf.    Dual Inf.      Time
       0    0.0000000e+00   0.000000e+00   0.000000e+00      0s

Solved in 0 iterations and 0.02 seconds
Optimal objective  0.000000000e+00
Optimize a model with 1 rows, 2 columns and 1 nonzeros
Model has 1 quadratic constraint
Coefficient statistics:
  Matrix range     [1e+00, 1e+00]
  QMatrix range    [1e+00, 1e+00]
  Objective range  [1e+00, 1e+00]
  Bounds range     [0e+00, 0e+00]
  RHS range        [0e+00, 0e+00]
  QRHS range       [1e+00, 1e+00]
Presolve removed 1 rows and 2 columns
Presolve time: 0.01s
Presolve: All rows and columns removed

Barrier solved model in 0 iterations and 0.02 seconds
Optimal objective 0.00000000e+00
Optimize a model with 1 rows, 2 columns and 1 nonzeros
Coefficient statistics:
  Matrix range     [1e+00, 1e+00]
  Objective range  [1e+00, 1e+00]
  Bounds range     [0e+00, 0e+00]
  RHS range        [0e+00, 0e+00]
Presolve removed 1 rows and 2 columns
Presolve time: 0.01s
Presolve: All rows and columns removed
Iteration    Objective       Primal Inf.    Dual Inf.      Time
       0    0.0000000e+00   0.000000e+00   0.000000e+00      0s

Solved in 0 iterations and 0.02 seconds
Optimal objective  0.000000000e+00
Optimize a model with 1 rows, 2 columns and 1 nonzeros
Model has 1 quadratic constraint
Coefficient statistics:
  Matrix range     [1e+00, 1e+00]
  QMatrix range    [1e+00, 1e+00]
  Objective range  [1e-01, 2e+00]
  Bounds range     [0e+00, 0e+00]
  RHS range        [0e+00, 0e+00]
  QRHS range       [1e+00, 1e+00]
Presolve removed 1 rows and 2 columns
Presolve time: 0.01s
Presolve: All rows and columns removed

Barrier solved model in 0 iterations and 0.02 seconds
Optimal objective 0.00000000e+00
Optimize a model with 1 rows, 2 columns and 1 nonzeros
Coefficient statistics:
  Matrix range     [1e+00, 1e+00]
  Objective range  [1e-01, 2e+00]
  Bounds range     [0e+00, 0e+00]
  RHS range        [0e+00, 0e+00]
Presolve removed 1 rows and 2 columns
Presolve time: 0.01s
Presolve: All rows and columns removed
Iteration    Objective       Primal Inf.    Dual Inf.      Time
       0    0.0000000e+00   0.000000e+00   0.000000e+00      0s

Solved in 0 iterations and 0.01 seconds
Optimal objective  0.000000000e+00
Optimize a model with 0 rows, 1 columns and 0 nonzeros
Model has 1 quadratic constraint
Coefficient statistics:
  Matrix range     [0e+00, 0e+00]
  QMatrix range    [1e+00, 1e+00]
  Objective range  [1e+00, 1e+00]
  Bounds range     [0e+00, 0e+00]
  RHS range        [0e+00, 0e+00]
  QRHS range       [1e+00, 1e+00]
Presolve removed 0 rows and 1 columns
Presolve time: 0.01s
Presolve: All rows and columns removed

Barrier solved model in 0 iterations and 0.02 seconds
Optimal objective 0.00000000e+00
Optimize a model with 0 rows, 1 columns and 0 nonzeros
Model has 1 quadratic constraint
Coefficient statistics:
  Matrix range     [0e+00, 0e+00]
  QMatrix range    [1e+00, 1e+00]
  Objective range  [1e+00, 1e+00]
  Bounds range     [0e+00, 0e+00]
  RHS range        [0e+00, 0e+00]
  QRHS range       [1e+00, 1e+00]
Presolve time: 0.01s

Barrier solved model in 0 iterations and 0.02 seconds
Model is infeasible or unbounded
Optimize a model with 0 rows, 1 columns and 0 nonzeros
Model has 1 quadratic constraint
Coefficient statistics:
  Matrix range     [0e+00, 0e+00]
  QMatrix range    [1e+00, 1e+00]
  Objective range  [1e+00, 1e+00]
  Bounds range     [0e+00, 0e+00]
  RHS range        [0e+00, 0e+00]
  QRHS range       [1e+00, 1e+00]
Presolve removed 0 rows and 1 columns
Presolve time: 0.01s
Presolve: All rows and columns removed

Barrier solved model in 0 iterations and 0.02 seconds
Optimal objective -1.00000000e+00
Optimize a model with 0 rows, 2 columns and 0 nonzeros
Model has 3 quadratic objective terms
Model has 1 quadratic constraint
Coefficient statistics:
  Matrix range     [0e+00, 0e+00]
  QMatrix range    [1e+00, 1e+00]
  Objective range  [5e+01, 6e+01]
  QObjective range [1e-01, 6e+01]
  Bounds range     [0e+00, 0e+00]
  RHS range        [0e+00, 0e+00]
  QRHS range       [1e+00, 1e+00]
Presolve time: 0.01s

Barrier solved model in 0 iterations and 0.02 seconds
Model is infeasible or unbounded
Optimize a model with 0 rows, 2 columns and 0 nonzeros
Model has 3 quadratic objective terms
Model has 1 quadratic constraint
Coefficient statistics:
  Matrix range     [0e+00, 0e+00]
  QMatrix range    [1e+00, 1e+00]
  Objective range  [5e+01, 6e+01]
  QObjective range [1e-01, 6e+01]
  Bounds range     [0e+00, 0e+00]
  RHS range        [0e+00, 0e+00]
  QRHS range       [1e+00, 1e+00]
Presolve time: 0.01s

Barrier solved model in 0 iterations and 0.02 seconds
Model is infeasible or unbounded
Optimize a model with 0 rows, 2 columns and 0 nonzeros
Model has 3 quadratic objective terms
Model has 1 quadratic constraint
Coefficient statistics:
  Matrix range     [0e+00, 0e+00]
  QMatrix range    [1e+00, 1e+00]
  Objective range  [5e+01, 6e+01]
  QObjective range [1e-01, 6e+01]
  Bounds range     [0e+00, 0e+00]
  RHS range        [0e+00, 0e+00]
  QRHS range       [1e+00, 1e+00]
Presolve time: 0.01s
Presolved: 4 rows, 7 columns, 8 nonzeros
Presolved model has 2 second-order cone constraints
Ordering time: 0.00s

Barrier statistics:
 AA' NZ     : 5.000e+00
 Factor NZ  : 1.000e+01
 Factor Ops : 3.000e+01 (less than 1 second per iteration)
 Threads    : 1

                  Objective                Residual
Iter       Primal          Dual         Primal    Dual     Compl     Time
   0   4.80211780e+01  4.80211780e+01  4.35e-02 2.29e+01  4.80e+00     0s
   1   4.61474092e+01  4.67997319e+01  4.78e-08 9.23e+00  1.64e+00     0s
   2   4.33467602e+01  4.20770330e+01  5.28e-14 4.85e+00  1.28e+00     0s
   3   3.95781723e+01  3.42364590e+01  1.11e-15 2.46e+00  1.34e+00     0s
   4   2.13233877e+01  2.77712346e+01  8.88e-16 1.83e+00  8.37e-01     0s
   5   1.29361962e+01  2.23952054e+01  3.55e-15 8.96e-01  2.30e-01     0s
   6   8.66709111e+00  1.85760328e+01  5.51e-14 6.18e-01  1.03e-01     0s
   7   1.47556941e+01  1.18900106e+01  3.23e-13 3.21e-01  8.05e-01     0s
   8   4.23726721e+00  5.48950645e+00  4.26e-14 2.26e-01  5.63e-01     0s
   9   3.01635596e+00  2.99053478e+00  1.07e-14 4.58e-02  1.69e-01     0s
  10   2.93967820e+00  2.72401483e+00  1.24e-12 5.04e-08  2.70e-02     0s
  11   2.82032873e+00  2.81791217e+00  2.81e-13 1.39e-13  3.02e-04     0s
  12   2.81939105e+00  2.81921081e+00  1.40e-11 1.17e-12  2.25e-05     0s
  13   2.81932158e+00  2.81931100e+00  9.85e-11 1.23e-11  1.32e-06     0s
  14   2.81931871e+00  2.81931415e+00  1.19e-09 3.42e-09  5.66e-07     0s

Barrier solved model in 14 iterations and 0.05 seconds
Optimal objective 2.81931871e+00


Gurobi 8.0.1 (linux64, Python) logging started Thu Dec 13 13:48:37 2018

Academic license - for non-commercial use only

Gurobi 8.0.1 (linux64, Python) logging started Thu Dec 13 14:01:22 2018

Academic license - for non-commercial use only
Optimize a model with 0 rows, 2 columns and 0 nonzeros
Model has 1 quadratic constraint
Coefficient statistics:
  Matrix range     [0e+00, 0e+00]
  QMatrix range    [1e+00, 1e+00]
  Objective range  [1e+00, 1e+00]
  Bounds range     [0e+00, 0e+00]
  RHS range        [0e+00, 0e+00]
  QRHS range       [1e+00, 1e+00]
Presolve time: 0.01s
Presolved: 1 rows, 3 columns, 1 nonzeros
Presolved model has 1 second-order cone constraint
Ordering time: 0.00s

Barrier statistics:
 AA' NZ     : 0.000e+00
 Factor NZ  : 1.000e+00
 Factor Ops : 1.000e+00 (less than 1 second per iteration)
 Threads    : 1

                  Objective                Residual
Iter       Primal          Dual         Primal    Dual     Compl     Time
   0   0.00000000e+00  0.00000000e+00  0.00e+00 3.16e+00  9.26e-01     0s
   1  -5.73848504e-01 -4.40389050e-01  0.00e+00 1.05e+00  2.17e-01     0s
   2  -1.41284816e+00 -1.49452246e+00  0.00e+00 1.16e-06  2.04e-02     0s
   3  -1.41421032e+00 -1.41429588e+00  0.00e+00 3.18e-10  2.14e-05     0s
   4  -1.41421356e+00 -1.41421365e+00  0.00e+00 3.23e-13  2.42e-08     0s

Barrier solved model in 4 iterations and 0.03 seconds
Optimal objective -1.41421356e+00

Optimize a model with 0 rows, 2 columns and 0 nonzeros
Model has 2 quadratic constraints
Coefficient statistics:
  Matrix range     [0e+00, 0e+00]
  QMatrix range    [1e+00, 1e+00]
  Objective range  [1e+00, 1e+00]
  Bounds range     [0e+00, 0e+00]
  RHS range        [0e+00, 0e+00]
  QRHS range       [1e+00, 1e+00]
Presolve time: 0.01s
Presolved: 4 rows, 6 columns, 6 nonzeros
Presolved model has 2 second-order cone constraints
Ordering time: 0.00s

Barrier statistics:
 AA' NZ     : 5.000e+00
 Factor NZ  : 1.000e+01
 Factor Ops : 3.000e+01 (less than 1 second per iteration)
 Threads    : 1

                  Objective                Residual
Iter       Primal          Dual         Primal    Dual     Compl     Time
   0   0.00000000e+00  0.00000000e+00  0.00e+00 1.58e+00  4.63e-01     0s
   1  -5.73848504e-01 -4.40389050e-01  0.00e+00 5.26e-01  1.09e-01     0s
   2  -1.41284816e+00 -1.49452246e+00  5.55e-16 5.78e-07  1.02e-02     0s
   3  -1.41421032e+00 -1.41429588e+00  0.00e+00 1.59e-10  1.07e-05     0s
   4  -1.41421356e+00 -1.41421365e+00  1.06e-12 2.26e-13  1.21e-08     0s

Barrier solved model in 4 iterations and 0.04 seconds
Optimal objective -1.41421356e+00

Optimize a model with 0 rows, 2 columns and 0 nonzeros
Model has 3 quadratic constraints
Coefficient statistics:
  Matrix range     [0e+00, 0e+00]
  QMatrix range    [1e+00, 1e+00]
  Objective range  [1e+00, 1e+00]
  Bounds range     [0e+00, 0e+00]
  RHS range        [0e+00, 0e+00]
  QRHS range       [1e+00, 1e+00]
Presolve time: 0.01s
Presolved: 7 rows, 9 columns, 11 nonzeros
Presolved model has 3 second-order cone constraints
Ordering time: 0.00s

Barrier statistics:
 AA' NZ     : 1.400e+01
 Factor NZ  : 2.800e+01
 Factor Ops : 1.400e+02 (less than 1 second per iteration)
 Threads    : 1

                  Objective                Residual
Iter       Primal          Dual         Primal    Dual     Compl     Time
   0   0.00000000e+00  0.00000000e+00  0.00e+00 1.05e+00  3.09e-01     0s
   1  -5.73848504e-01 -4.40389050e-01  5.55e-17 3.50e-01  7.24e-02     0s
   2  -1.41284816e+00 -1.49452246e+00  7.77e-16 3.85e-07  6.81e-03     0s
   3  -1.41421032e+00 -1.41429588e+00  1.11e-15 1.06e-10  7.13e-06     0s
   4  -1.41421356e+00 -1.41421365e+00  5.93e-13 1.21e-13  8.08e-09     0s

Barrier solved model in 4 iterations and 0.04 seconds
Optimal objective -1.41421356e+00

Optimize a model with 0 rows, 2 columns and 0 nonzeros
Model has 4 quadratic constraints
Coefficient statistics:
  Matrix range     [0e+00, 0e+00]
  QMatrix range    [1e+00, 1e+00]
  Objective range  [1e+00, 1e+00]
  Bounds range     [0e+00, 0e+00]
  RHS range        [0e+00, 0e+00]
  QRHS range       [1e+00, 1e+00]
Presolve time: 0.01s
Presolved: 10 rows, 12 columns, 16 nonzeros
Presolved model has 4 second-order cone constraints
Ordering time: 0.00s

Barrier statistics:
 AA' NZ     : 2.700e+01
 Factor NZ  : 5.500e+01
 Factor Ops : 3.850e+02 (less than 1 second per iteration)
 Threads    : 1

                  Objective                Residual
Iter       Primal          Dual         Primal    Dual     Compl     Time
   0   0.00000000e+00  0.00000000e+00  0.00e+00 7.91e-01  2.31e-01     0s
   1  -5.73848504e-01 -4.40389050e-01  5.55e-17 2.63e-01  5.43e-02     0s
   2  -1.41284816e+00 -1.49452246e+00  1.78e-15 2.89e-07  5.10e-03     0s
   3  -1.41421032e+00 -1.41429588e+00  1.78e-15 7.94e-11  5.35e-06     0s
   4  -1.41421356e+00 -1.41421365e+00  1.21e-12 1.07e-13  6.06e-09     0s

Barrier solved model in 4 iterations and 0.04 seconds
Optimal objective -1.41421356e+00

Optimize a model with 0 rows, 2 columns and 0 nonzeros
Model has 5 quadratic constraints
Coefficient statistics:
  Matrix range     [0e+00, 0e+00]
  QMatrix range    [1e+00, 1e+00]
  Objective range  [1e+00, 1e+00]
  Bounds range     [0e+00, 0e+00]
  RHS range        [0e+00, 0e+00]
  QRHS range       [1e+00, 1e+00]
Presolve time: 0.01s
Presolved: 13 rows, 15 columns, 21 nonzeros
Presolved model has 5 second-order cone constraints
Ordering time: 0.00s

Barrier statistics:
 AA' NZ     : 4.400e+01
 Factor NZ  : 9.100e+01
 Factor Ops : 8.190e+02 (less than 1 second per iteration)
 Threads    : 1

                  Objective                Residual
Iter       Primal          Dual         Primal    Dual     Compl     Time
   0   0.00000000e+00  0.00000000e+00  0.00e+00 6.32e-01  1.85e-01     0s
   1  -5.73848504e-01 -4.40389050e-01  5.55e-17 2.10e-01  4.35e-02     0s
   2  -1.41284816e+00 -1.49452246e+00  7.77e-16 2.31e-07  4.08e-03     0s
   3  -1.41421032e+00 -1.41429588e+00  2.11e-15 6.35e-11  4.28e-06     0s
   4  -1.41421356e+00 -1.41421365e+00  7.77e-13 7.62e-14  4.85e-09     0s

Barrier solved model in 4 iterations and 0.04 seconds
Optimal objective -1.41421356e+00

Optimize a model with 0 rows, 2 columns and 0 nonzeros
Model has 6 quadratic constraints
Coefficient statistics:
  Matrix range     [0e+00, 0e+00]
  QMatrix range    [1e+00, 1e+00]
  Objective range  [1e+00, 1e+00]
  Bounds range     [0e+00, 0e+00]
  RHS range        [0e+00, 0e+00]
  QRHS range       [1e+00, 1e+00]
Presolve time: 0.02s
Presolved: 16 rows, 18 columns, 26 nonzeros
Presolved model has 6 second-order cone constraints
Ordering time: 0.00s

Barrier statistics:
 Dense cols : 1
 AA' NZ     : 4.600e+01
 Factor NZ  : 1.380e+02
 Factor Ops : 1.500e+03 (less than 1 second per iteration)
 Threads    : 1

                  Objective                Residual
Iter       Primal          Dual         Primal    Dual     Compl     Time
   0   0.00000000e+00  0.00000000e+00  0.00e+00 5.27e-01  1.54e-01     0s
   1  -5.73848504e-01 -4.40389050e-01  5.55e-17 1.75e-01  3.62e-02     0s
   2  -1.41284816e+00 -1.49452246e+00  1.78e-15 1.93e-07  3.40e-03     0s
   3  -1.41421032e+00 -1.41429588e+00  9.99e-16 5.30e-11  3.57e-06     0s
   4  -1.41421356e+00 -1.41421365e+00  1.48e-12 7.48e-14  4.04e-09     0s

Barrier solved model in 4 iterations and 0.04 seconds
Optimal objective -1.41421356e+00

Optimize a model with 0 rows, 2 columns and 0 nonzeros
Model has 7 quadratic constraints
Coefficient statistics:
  Matrix range     [0e+00, 0e+00]
  QMatrix range    [1e+00, 1e+00]
  Objective range  [1e+00, 1e+00]
  Bounds range     [0e+00, 0e+00]
  RHS range        [0e+00, 0e+00]
  QRHS range       [1e+00, 1e+00]
Presolve time: 0.01s
Presolved: 19 rows, 21 columns, 31 nonzeros
Presolved model has 7 second-order cone constraints
Ordering time: 0.00s

Barrier statistics:
 Dense cols : 1
 AA' NZ     : 6.100e+01
 Factor NZ  : 1.920e+02
 Factor Ops : 2.474e+03 (less than 1 second per iteration)
 Threads    : 1

                  Objective                Residual
Iter       Primal          Dual         Primal    Dual     Compl     Time
   0   0.00000000e+00  0.00000000e+00  0.00e+00 4.52e-01  1.32e-01     0s
   1  -5.73848504e-01 -4.40389050e-01  5.55e-17 1.50e-01  3.10e-02     0s
   2  -1.41284816e+00 -1.49452246e+00  4.11e-15 1.65e-07  2.92e-03     0s
   3  -1.41421032e+00 -1.41429588e+00  1.78e-15 4.54e-11  3.06e-06     0s
   4  -1.41421356e+00 -1.41421365e+00  1.18e-12 6.31e-14  3.46e-09     0s

Barrier solved model in 4 iterations and 0.04 seconds
Optimal objective -1.41421356e+00

Optimize a model with 0 rows, 2 columns and 0 nonzeros
Model has 1 quadratic constraint
Coefficient statistics:
  Matrix range     [0e+00, 0e+00]
  QMatrix range    [1e+00, 1e+00]
  Objective range  [1e+00, 1e+00]
  Bounds range     [0e+00, 0e+00]
  RHS range        [0e+00, 0e+00]
  QRHS range       [1e+00, 1e+00]
Presolve time: 0.01s
Presolved: 1 rows, 3 columns, 1 nonzeros
Presolved model has 1 second-order cone constraint
Ordering time: 0.00s

Barrier statistics:
 AA' NZ     : 0.000e+00
 Factor NZ  : 1.000e+00
 Factor Ops : 1.000e+00 (less than 1 second per iteration)
 Threads    : 1

                  Objective                Residual
Iter       Primal          Dual         Primal    Dual     Compl     Time
   0   0.00000000e+00  0.00000000e+00  0.00e+00 3.16e+00  9.26e-01     0s
   1  -5.73848504e-01 -4.40389050e-01  0.00e+00 1.05e+00  2.17e-01     0s
   2  -1.41284816e+00 -1.49452246e+00  0.00e+00 1.16e-06  2.04e-02     0s
   3  -1.41421032e+00 -1.41429588e+00  0.00e+00 3.18e-10  2.14e-05     0s
   4  -1.41421356e+00 -1.41421365e+00  0.00e+00 3.23e-13  2.42e-08     0s

Barrier solved model in 4 iterations and 0.03 seconds
Optimal objective -1.41421356e+00

Optimize a model with 0 rows, 2 columns and 0 nonzeros
Model has 2 quadratic constraints
Coefficient statistics:
  Matrix range     [0e+00, 0e+00]
  QMatrix range    [1e+00, 1e+00]
  Objective range  [1e+00, 4e+00]
  Bounds range     [0e+00, 0e+00]
  RHS range        [0e+00, 0e+00]
  QRHS range       [1e+00, 1e+00]
Presolve time: 0.01s
Presolved: 4 rows, 6 columns, 6 nonzeros
Presolved model has 2 second-order cone constraints
Ordering time: 0.00s

Barrier statistics:
 AA' NZ     : 5.000e+00
 Factor NZ  : 1.000e+01
 Factor Ops : 3.000e+01 (less than 1 second per iteration)
 Threads    : 1

                  Objective                Residual
Iter       Primal          Dual         Primal    Dual     Compl     Time
   0   0.00000000e+00  0.00000000e+00  0.00e+00 4.61e+00  1.35e+00     0s
   1  -1.67304151e+00 -1.28394368e+00  0.00e+00 1.53e+00  3.17e-01     0s
   2  -4.11912482e+00 -4.35724429e+00  6.66e-16 1.69e-06  2.98e-02     0s
   3  -4.12309616e+00 -4.12334561e+00  6.66e-16 4.63e-10  3.12e-05     0s
   4  -4.12310561e+00 -4.12310589e+00  3.75e-12 6.60e-13  3.53e-08     0s

Barrier solved model in 4 iterations and 0.03 seconds
Optimal objective -4.12310561e+00

Optimize a model with 0 rows, 2 columns and 0 nonzeros
Model has 3 quadratic constraints
Coefficient statistics:
  Matrix range     [0e+00, 0e+00]
  QMatrix range    [1e+00, 1e+00]
  Objective range  [1e+00, 4e+00]
  Bounds range     [0e+00, 0e+00]
  RHS range        [0e+00, 0e+00]
  QRHS range       [1e+00, 1e+00]
Presolve time: 0.01s
Presolved: 7 rows, 9 columns, 11 nonzeros
Presolved model has 3 second-order cone constraints
Ordering time: 0.00s

Barrier statistics:
 AA' NZ     : 1.400e+01
 Factor NZ  : 2.800e+01
 Factor Ops : 1.400e+02 (less than 1 second per iteration)
 Threads    : 1

                  Objective                Residual
Iter       Primal          Dual         Primal    Dual     Compl     Time
   0   0.00000000e+00  0.00000000e+00  0.00e+00 3.07e+00  9.00e-01     0s
   1  -1.67304151e+00 -1.28394368e+00  1.11e-16 1.02e+00  2.11e-01     0s
   2  -4.11912482e+00 -4.35724429e+00  6.66e-16 1.12e-06  1.98e-02     0s
   3  -4.12309616e+00 -4.12334561e+00  5.55e-16 3.09e-10  2.08e-05     0s
   4  -4.12310561e+00 -4.12310589e+00  2.59e-12 4.39e-13  2.35e-08     0s

Barrier solved model in 4 iterations and 0.03 seconds
Optimal objective -4.12310561e+00


Gurobi 8.0.1 (linux64, Python) logging started Thu Dec 13 14:17:07 2018

Academic license - for non-commercial use only
Optimize a model with 0 rows, 2 columns and 0 nonzeros
Model has 1 quadratic constraint
Coefficient statistics:
  Matrix range     [0e+00, 0e+00]
  QMatrix range    [1e+00, 1e+00]
  Objective range  [0e+00, 0e+00]
  Bounds range     [0e+00, 0e+00]
  RHS range        [0e+00, 0e+00]
  QRHS range       [1e+00, 1e+00]
Presolve removed 0 rows and 2 columns
Presolve time: 0.02s
Presolve: All rows and columns removed

Barrier solved model in 0 iterations and 0.02 seconds
Optimal objective 0.00000000e+00
Optimize a model with 0 rows, 2 columns and 0 nonzeros
Model has 2 quadratic constraints
Coefficient statistics:
  Matrix range     [0e+00, 0e+00]
  QMatrix range    [1e+00, 1e+00]
  Objective range  [1e+00, 1e+00]
  Bounds range     [0e+00, 0e+00]
  RHS range        [0e+00, 0e+00]
  QRHS range       [1e+00, 1e+00]
Presolve time: 0.01s
Presolved: 4 rows, 6 columns, 6 nonzeros
Presolved model has 2 second-order cone constraints
Ordering time: 0.00s

Barrier statistics:
 AA' NZ     : 5.000e+00
 Factor NZ  : 1.000e+01
 Factor Ops : 3.000e+01 (less than 1 second per iteration)
 Threads    : 1

                  Objective                Residual
Iter       Primal          Dual         Primal    Dual     Compl     Time
   0   0.00000000e+00  0.00000000e+00  0.00e+00 1.12e+00  3.27e-01     0s
   1  -4.05772169e-01 -3.11402084e-01  0.00e+00 3.72e-01  7.68e-02     0s
   2  -9.99034514e-01 -1.05678697e+00  0.00e+00 4.09e-07  7.22e-03     0s
   3  -9.99997705e-01 -1.00005821e+00  0.00e+00 1.12e-10  7.56e-06     0s
   4  -9.99999995e-01 -1.00000006e+00  2.44e-15 1.61e-13  8.57e-09     0s

Barrier solved model in 4 iterations and 0.03 seconds
Optimal objective -9.99999995e-01

Optimize a model with 0 rows, 2 columns and 0 nonzeros
Model has 3 quadratic constraints
Coefficient statistics:
  Matrix range     [0e+00, 0e+00]
  QMatrix range    [1e+00, 1e+00]
  Objective range  [8e+00, 3e+01]
  Bounds range     [0e+00, 0e+00]
  RHS range        [0e+00, 0e+00]
  QRHS range       [1e+00, 1e+00]
Presolve time: 0.01s
Presolved: 7 rows, 9 columns, 11 nonzeros
Presolved model has 3 second-order cone constraints
Ordering time: 0.00s

Barrier statistics:
 AA' NZ     : 1.400e+01
 Factor NZ  : 2.800e+01
 Factor Ops : 1.400e+02 (less than 1 second per iteration)
 Threads    : 1

                  Objective                Residual
Iter       Primal          Dual         Primal    Dual     Compl     Time
   0   0.00000000e+00  0.00000000e+00  0.00e+00 2.12e+01  6.21e+00     0s
   1  -1.15490276e+01 -8.86308015e+00  5.55e-17 7.05e+00  1.46e+00     0s
   2  -2.84343729e+01 -3.00781147e+01  2.55e-15 7.76e-06  1.37e-01     0s
   3  -2.84617871e+01 -2.84635090e+01  9.99e-16 2.13e-09  1.43e-04     0s
   4  -2.84618523e+01 -2.84618542e+01  1.60e-12 3.10e-12  1.63e-07     0s

Barrier solved model in 4 iterations and 0.04 seconds
Optimal objective -2.84618523e+01


Gurobi 8.0.1 (linux64, Python) logging started Thu Dec 13 14:22:05 2018

Academic license - for non-commercial use only
Optimize a model with 0 rows, 2 columns and 0 nonzeros
Model has 1 quadratic constraint
Coefficient statistics:
  Matrix range     [0e+00, 0e+00]
  QMatrix range    [1e+00, 1e+00]
  Objective range  [8e+00, 3e+01]
  Bounds range     [0e+00, 0e+00]
  RHS range        [0e+00, 0e+00]
  QRHS range       [1e+00, 1e+00]
Presolve time: 0.01s
Presolved: 1 rows, 3 columns, 1 nonzeros
Presolved model has 1 second-order cone constraint
Ordering time: 0.00s

Barrier statistics:
 AA' NZ     : 0.000e+00
 Factor NZ  : 1.000e+00
 Factor Ops : 1.000e+00 (less than 1 second per iteration)
 Threads    : 1

                  Objective                Residual
Iter       Primal          Dual         Primal    Dual     Compl     Time
   0   0.00000000e+00  0.00000000e+00  0.00e+00 6.36e+01  1.86e+01     0s
   1  -1.15490276e+01 -8.86308015e+00  0.00e+00 2.12e+01  4.37e+00     0s
   2  -2.84343729e+01 -3.00781147e+01  0.00e+00 2.33e-05  4.11e-01     0s
   3  -2.84617871e+01 -2.84635090e+01  0.00e+00 6.39e-09  4.30e-04     0s
   4  -2.84618523e+01 -2.84618542e+01  0.00e+00 6.59e-12  4.88e-07     0s

Barrier solved model in 4 iterations and 0.04 seconds
Optimal objective -2.84618523e+01

Optimize a model with 0 rows, 2 columns and 0 nonzeros
Model has 2 quadratic constraints
Coefficient statistics:
  Matrix range     [0e+00, 0e+00]
  QMatrix range    [1e+00, 1e+00]
  Objective range  [8e+00, 3e+01]
  Bounds range     [0e+00, 0e+00]
  RHS range        [0e+00, 0e+00]
  QRHS range       [1e+00, 1e+00]
Presolve time: 0.01s
Presolved: 4 rows, 6 columns, 6 nonzeros
Presolved model has 2 second-order cone constraints
Ordering time: 0.00s

Barrier statistics:
 AA' NZ     : 5.000e+00
 Factor NZ  : 1.000e+01
 Factor Ops : 3.000e+01 (less than 1 second per iteration)
 Threads    : 1

                  Objective                Residual
Iter       Primal          Dual         Primal    Dual     Compl     Time
   0   0.00000000e+00  0.00000000e+00  0.00e+00 3.18e+01  9.32e+00     0s
   1  -1.15490276e+01 -8.86308015e+00  0.00e+00 1.06e+01  2.19e+00     0s
   2  -2.84343729e+01 -3.00781147e+01  5.00e-16 1.16e-05  2.05e-01     0s
   3  -2.84617871e+01 -2.84635090e+01  6.66e-16 3.20e-09  2.15e-04     0s
   4  -2.84618523e+01 -2.84618542e+01  1.85e-12 4.37e-12  2.44e-07     0s

Barrier solved model in 4 iterations and 0.04 seconds
Optimal objective -2.84618523e+01

Optimize a model with 0 rows, 2 columns and 0 nonzeros
Model has 3 quadratic constraints
Coefficient statistics:
  Matrix range     [0e+00, 0e+00]
  QMatrix range    [1e+00, 1e+00]
  Objective range  [8e+00, 3e+01]
  Bounds range     [0e+00, 0e+00]
  RHS range        [0e+00, 0e+00]
  QRHS range       [1e+00, 1e+00]
Presolve time: 0.01s
Presolved: 7 rows, 9 columns, 11 nonzeros
Presolved model has 3 second-order cone constraints
Ordering time: 0.00s

Barrier statistics:
 AA' NZ     : 1.400e+01
 Factor NZ  : 2.800e+01
 Factor Ops : 1.400e+02 (less than 1 second per iteration)
 Threads    : 1

                  Objective                Residual
Iter       Primal          Dual         Primal    Dual     Compl     Time
   0   0.00000000e+00  0.00000000e+00  0.00e+00 2.12e+01  6.21e+00     0s
   1  -1.15490276e+01 -8.86308015e+00  5.55e-17 7.05e+00  1.46e+00     0s
   2  -2.84343729e+01 -3.00781147e+01  2.55e-15 7.76e-06  1.37e-01     0s
   3  -2.84617871e+01 -2.84635090e+01  9.99e-16 2.13e-09  1.43e-04     0s
   4  -2.84618523e+01 -2.84618542e+01  1.60e-12 3.10e-12  1.63e-07     0s

Barrier solved model in 4 iterations and 0.03 seconds
Optimal objective -2.84618523e+01

Optimize a model with 0 rows, 2 columns and 0 nonzeros
Model has 3 quadratic objective terms
Model has 4 quadratic constraints
Coefficient statistics:
  Matrix range     [0e+00, 0e+00]
  QMatrix range    [1e+00, 1e+00]
  Objective range  [5e+02, 6e+02]
  QObjective range [1e+01, 6e+03]
  Bounds range     [0e+00, 0e+00]
  RHS range        [0e+00, 0e+00]
  QRHS range       [1e+00, 1e+00]
Presolve time: 0.02s
Presolved: 13 rows, 16 columns, 23 nonzeros
Presolved model has 5 second-order cone constraints
Ordering time: 0.00s

Barrier statistics:
 AA' NZ     : 4.400e+01
 Factor NZ  : 9.100e+01
 Factor Ops : 8.190e+02 (less than 1 second per iteration)
 Threads    : 1

                  Objective                Residual
Iter       Primal          Dual         Primal    Dual     Compl     Time
   0   4.80211780e+01  4.80211780e+01  5.47e-02 2.36e+01  6.11e+00     0s
   1   4.59893179e+01  4.48358793e+01  6.01e-08 9.28e+00  2.05e+00     0s
   2   4.38355881e+01  3.93217356e+01  6.53e-14 4.55e+00  1.29e+00     0s
   3   2.74318658e+01  2.28399567e+01  3.42e-14 1.37e+00  7.38e-01     0s
   4   1.31222706e+01  1.53382490e-01  7.11e-15 1.66e-02  6.69e-01     0s
   5   4.03771365e-02 -3.91394821e-01  3.55e-14 3.77e-04  2.25e-02     0s
   6   3.02633143e-03 -7.69194334e-04  2.84e-14 3.67e-06  1.99e-04     0s
   7   4.32503703e-05 -7.37608647e-06  1.70e-12 2.29e-07  3.13e-06     0s
   8   1.55763573e-07 -8.81728965e-08  3.54e-10 8.95e-09  2.95e-08     0s

Barrier solved model in 8 iterations and 0.04 seconds
Optimal objective 1.55763573e-07

Optimize a model with 0 rows, 2 columns and 0 nonzeros
Model has 3 quadratic objective terms
Model has 1 quadratic constraint
Coefficient statistics:
  Matrix range     [0e+00, 0e+00]
  QMatrix range    [1e+00, 1e+00]
  Objective range  [5e+02, 6e+02]
  QObjective range [1e+01, 6e+03]
  Bounds range     [0e+00, 0e+00]
  RHS range        [0e+00, 0e+00]
  QRHS range       [1e+00, 1e+00]
Presolve time: 0.01s
Presolved: 4 rows, 7 columns, 8 nonzeros
Presolved model has 2 second-order cone constraints
Ordering time: 0.00s

Barrier statistics:
 AA' NZ     : 5.000e+00
 Factor NZ  : 1.000e+01
 Factor Ops : 3.000e+01 (less than 1 second per iteration)
 Threads    : 1

                  Objective                Residual
Iter       Primal          Dual         Primal    Dual     Compl     Time
   0   4.80211780e+01  4.80211780e+01  4.40e-02 2.36e+01  4.95e+00     0s
   1   4.61802175e+01  4.67861796e+01  4.84e-08 9.37e+00  1.67e+00     0s
   2   4.28491212e+01  4.13656567e+01  5.24e-14 4.77e+00  1.33e+00     0s
   3   2.81199168e+01  2.49273599e+01  2.93e-14 1.36e+00  1.14e+00     0s
   4   1.32110279e+01  1.26525644e+00  7.11e-15 3.12e-02  1.58e+00     0s
   5   2.33498373e-01 -6.66080176e-01  1.42e-14 1.22e-03  1.20e-01     0s
   6   3.41379189e-04 -7.51706391e-04  1.42e-14 2.55e-06  1.52e-04     0s
   7   8.60964035e-06 -5.32986490e-07  4.19e-12 3.06e-08  1.33e-06     0s
   8   1.16285484e-07  6.88940460e-08  2.20e-11 2.65e-09  1.84e-08     0s

Barrier solved model in 8 iterations and 0.05 seconds
Optimal objective 1.16285484e-07

Optimize a model with 0 rows, 2 columns and 0 nonzeros
Model has 3 quadratic objective terms
Model has 2 quadratic constraints
Coefficient statistics:
  Matrix range     [0e+00, 0e+00]
  QMatrix range    [1e+00, 1e+00]
  Objective range  [5e+02, 6e+02]
  QObjective range [1e+01, 6e+03]
  Bounds range     [0e+00, 0e+00]
  RHS range        [0e+00, 0e+00]
  QRHS range       [1e+00, 1e+00]
Presolve time: 0.01s
Presolved: 7 rows, 10 columns, 13 nonzeros
Presolved model has 3 second-order cone constraints
Ordering time: 0.00s

Barrier statistics:
 AA' NZ     : 1.400e+01
 Factor NZ  : 2.800e+01
 Factor Ops : 1.400e+02 (less than 1 second per iteration)
 Threads    : 1

                  Objective                Residual
Iter       Primal          Dual         Primal    Dual     Compl     Time
   0   4.80211780e+01  4.80211780e+01  5.07e-02 2.36e+01  5.60e+00     0s
   1   4.60573860e+01  4.61215432e+01  5.58e-08 9.31e+00  1.88e+00     0s
   2   4.34410645e+01  4.05700300e+01  6.15e-14 4.63e+00  1.33e+00     0s
   3   2.77036792e+01  2.38740016e+01  3.24e-14 1.37e+00  9.42e-01     0s
   4   1.45900942e+01  3.33346884e+00  8.88e-16 8.53e-02  1.08e+00     0s
   5   4.83308538e+00 -9.90167353e-01  3.55e-15 1.28e-02  5.14e-01     0s
   6   2.46426180e-01 -1.30899062e+00  2.78e-17 1.41e-08  1.30e-01     0s
   7   2.62362587e-02 -4.45004822e-03  1.42e-14 3.25e-10  2.56e-03     0s
   8   6.28812399e-04 -2.30947462e-04  3.41e-13 8.80e-12  7.16e-05     0s
   9   6.07976187e-06 -1.30158796e-06  1.26e-11 1.98e-10  6.15e-07     0s

Barrier solved model in 9 iterations and 0.05 seconds
Optimal objective 6.07976187e-06

Optimize a model with 0 rows, 2 columns and 0 nonzeros
Model has 3 quadratic objective terms
Model has 3 quadratic constraints
Coefficient statistics:
  Matrix range     [0e+00, 0e+00]
  QMatrix range    [1e+00, 1e+00]
  Objective range  [5e+02, 6e+02]
  QObjective range [1e+01, 6e+03]
  Bounds range     [0e+00, 0e+00]
  RHS range        [0e+00, 0e+00]
  QRHS range       [1e+00, 1e+00]
Presolve time: 0.01s
Presolved: 10 rows, 13 columns, 18 nonzeros
Presolved model has 4 second-order cone constraints
Ordering time: 0.00s

Barrier statistics:
 AA' NZ     : 2.700e+01
 Factor NZ  : 5.500e+01
 Factor Ops : 3.850e+02 (less than 1 second per iteration)
 Threads    : 1

                  Objective                Residual
Iter       Primal          Dual         Primal    Dual     Compl     Time
   0   4.80211780e+01  4.80211780e+01  5.33e-02 2.36e+01  5.92e+00     0s
   1   4.60125807e+01  4.54762148e+01  5.86e-08 9.29e+00  1.99e+00     0s
   2   4.36929173e+01  3.99256332e+01  6.53e-14 4.57e+00  1.31e+00     0s
   3   2.75313705e+01  2.32834281e+01  3.60e-14 1.37e+00  8.18e-01     0s
   4   1.27953362e+01  2.87584680e+00  6.66e-16 7.75e-02  7.29e-01     0s
   5   1.94847546e+00 -1.32063571e+00  1.78e-14 3.56e-03  2.12e-01     0s
   6   1.73154472e-01 -2.24242791e-01  2.57e-16 3.91e-09  2.48e-02     0s
   7   5.28979218e-03 -1.23992785e-03  2.84e-14 1.11e-10  4.08e-04     0s
   8   1.96336868e-05 -1.78213694e-05  5.99e-12 7.62e-11  2.34e-06     0s
   9   2.55581085e-08 -1.50695080e-07  1.91e-12 2.88e-10  1.10e-08     0s

Barrier solved model in 9 iterations and 0.04 seconds
Optimal objective 2.55581085e-08

Optimize a model with 0 rows, 2 columns and 0 nonzeros
Model has 3 quadratic objective terms
Model has 4 quadratic constraints
Coefficient statistics:
  Matrix range     [0e+00, 0e+00]
  QMatrix range    [1e+00, 1e+00]
  Objective range  [5e+02, 6e+02]
  QObjective range [1e+01, 6e+03]
  Bounds range     [0e+00, 0e+00]
  RHS range        [0e+00, 0e+00]
  QRHS range       [1e+00, 1e+00]
Presolve time: 0.01s
Presolved: 13 rows, 16 columns, 23 nonzeros
Presolved model has 5 second-order cone constraints
Ordering time: 0.00s

Barrier statistics:
 AA' NZ     : 4.400e+01
 Factor NZ  : 9.100e+01
 Factor Ops : 8.190e+02 (less than 1 second per iteration)
 Threads    : 1

                  Objective                Residual
Iter       Primal          Dual         Primal    Dual     Compl     Time
   0   4.80211780e+01  4.80211780e+01  5.47e-02 2.36e+01  6.11e+00     0s
   1   4.59893179e+01  4.48358793e+01  6.01e-08 9.28e+00  2.05e+00     0s
   2   4.38355881e+01  3.93217356e+01  6.53e-14 4.55e+00  1.29e+00     0s
   3   2.74318658e+01  2.28399567e+01  3.42e-14 1.37e+00  7.38e-01     0s
   4   1.31222706e+01  1.53382490e-01  7.11e-15 1.66e-02  6.69e-01     0s
   5   4.03771365e-02 -3.91394821e-01  3.55e-14 3.77e-04  2.25e-02     0s
   6   3.02633143e-03 -7.69194334e-04  2.84e-14 3.67e-06  1.99e-04     0s
   7   4.32503703e-05 -7.37608647e-06  1.70e-12 2.29e-07  3.13e-06     0s
   8   1.55763573e-07 -8.81728965e-08  3.54e-10 8.95e-09  2.95e-08     0s

Barrier solved model in 8 iterations and 0.04 seconds
Optimal objective 1.55763573e-07

Optimize a model with 0 rows, 2 columns and 0 nonzeros
Model has 3 quadratic objective terms
Model has 5 quadratic constraints
Coefficient statistics:
  Matrix range     [0e+00, 0e+00]
  QMatrix range    [1e+00, 1e+00]
  Objective range  [5e+02, 6e+02]
  QObjective range [1e+01, 6e+03]
  Bounds range     [0e+00, 0e+00]
  RHS range        [0e+00, 0e+00]
  QRHS range       [1e+00, 1e+00]
Presolve time: 0.02s
Presolved: 16 rows, 19 columns, 28 nonzeros
Presolved model has 6 second-order cone constraints
Ordering time: 0.00s

Barrier statistics:
 AA' NZ     : 6.500e+01
 Factor NZ  : 1.360e+02
 Factor Ops : 1.496e+03 (less than 1 second per iteration)
 Threads    : 1

                  Objective                Residual
Iter       Primal          Dual         Primal    Dual     Compl     Time
   0   4.80211780e+01  4.80211780e+01  5.55e-02 2.36e+01  6.24e+00     0s
   1   4.59750421e+01  4.41976335e+01  6.11e-08 9.27e+00  2.09e+00     0s
   2   4.39285973e+01  3.87343139e+01  6.79e-14 4.53e+00  1.28e+00     0s
   3   2.73753870e+01  2.24638981e+01  3.60e-14 1.37e+00  6.82e-01     0s
   4   1.23848822e+01 -1.86544037e-02  1.78e-14 1.60e-02  5.34e-01     0s
   5   3.08080364e-02 -3.71269723e-01  2.13e-14 3.60e-04  1.75e-02     0s
   6   2.84471486e-03 -7.77915485e-04  7.11e-15 3.51e-06  1.59e-04     0s
   7   4.48157202e-05 -1.17420598e-05  1.63e-12 2.41e-07  2.89e-06     0s
   8   1.31368182e-07 -2.08340872e-07  6.79e-11 1.75e-08  2.97e-08     0s

Barrier solved model in 8 iterations and 0.04 seconds
Optimal objective 1.31368182e-07

Optimize a model with 0 rows, 2 columns and 0 nonzeros
Model has 3 quadratic objective terms
Model has 1 quadratic constraint
Coefficient statistics:
  Matrix range     [0e+00, 0e+00]
  QMatrix range    [1e+00, 1e+00]
  Objective range  [5e+01, 6e+01]
  QObjective range [1e-01, 6e+01]
  Bounds range     [0e+00, 0e+00]
  RHS range        [0e+00, 0e+00]
  QRHS range       [1e+00, 1e+00]
Presolve time: 0.02s
Presolved: 4 rows, 7 columns, 8 nonzeros
Presolved model has 2 second-order cone constraints
Ordering time: 0.00s

Barrier statistics:
 AA' NZ     : 5.000e+00
 Factor NZ  : 1.000e+01
 Factor Ops : 3.000e+01 (less than 1 second per iteration)
 Threads    : 1

                  Objective                Residual
Iter       Primal          Dual         Primal    Dual     Compl     Time
   0   4.80211780e+01  4.80211780e+01  4.35e-02 2.29e+01  4.80e+00     0s
   1   4.61474092e+01  4.67997319e+01  4.78e-08 9.23e+00  1.64e+00     0s
   2   4.33467602e+01  4.20770330e+01  5.28e-14 4.85e+00  1.28e+00     0s
   3   3.95781723e+01  3.42364590e+01  1.11e-15 2.46e+00  1.34e+00     0s
   4   2.13233877e+01  2.77712346e+01  8.88e-16 1.83e+00  8.37e-01     0s
   5   1.29361962e+01  2.23952054e+01  3.55e-15 8.96e-01  2.30e-01     0s
   6   8.66709111e+00  1.85760328e+01  5.51e-14 6.18e-01  1.03e-01     0s
   7   1.47556941e+01  1.18900106e+01  3.23e-13 3.21e-01  8.05e-01     0s
   8   4.23726721e+00  5.48950645e+00  4.26e-14 2.26e-01  5.63e-01     0s
   9   3.01635596e+00  2.99053478e+00  1.07e-14 4.58e-02  1.69e-01     0s
  10   2.93967820e+00  2.72401483e+00  1.24e-12 5.04e-08  2.70e-02     0s
  11   2.82032873e+00  2.81791217e+00  2.81e-13 1.39e-13  3.02e-04     0s
  12   2.81939105e+00  2.81921081e+00  1.40e-11 1.17e-12  2.25e-05     0s
  13   2.81932158e+00  2.81931100e+00  9.85e-11 1.23e-11  1.32e-06     0s
  14   2.81931871e+00  2.81931415e+00  1.19e-09 3.42e-09  5.66e-07     0s

Barrier solved model in 14 iterations and 0.05 seconds
Optimal objective 2.81931871e+00

Optimize a model with 0 rows, 2 columns and 0 nonzeros
Model has 3 quadratic objective terms
Model has 2 quadratic constraints
Coefficient statistics:
  Matrix range     [0e+00, 0e+00]
  QMatrix range    [1e+00, 1e+00]
  Objective range  [3e+02, 4e+02]
  QObjective range [1e+01, 6e+03]
  Bounds range     [0e+00, 0e+00]
  RHS range        [0e+00, 0e+00]
  QRHS range       [1e+00, 1e+00]
Presolve time: 0.01s
Presolved: 7 rows, 10 columns, 13 nonzeros
Presolved model has 3 second-order cone constraints
Ordering time: 0.00s

Barrier statistics:
 AA' NZ     : 1.400e+01
 Factor NZ  : 2.800e+01
 Factor Ops : 1.400e+02 (less than 1 second per iteration)
 Threads    : 1

                  Objective                Residual
Iter       Primal          Dual         Primal    Dual     Compl     Time
   0   2.64540923e+01  2.64540923e+01  5.07e-02 1.74e+01  4.15e+00     0s
   1   2.50204906e+01  2.50373333e+01  5.58e-08 6.77e+00  1.37e+00     0s
   2   2.32335070e+01  2.09664277e+01  6.22e-14 3.25e+00  9.50e-01     0s
   3   1.24251898e+01  9.52733451e+00  3.46e-14 9.23e-01  6.50e-01     0s
   4   4.68383430e+00 -3.16740031e+00  1.02e-15 1.02e-06  6.54e-01     0s
   5   7.81627326e-02 -2.15715856e-01  3.55e-15 1.15e-12  2.45e-02     0s
   6   1.56269104e-04 -2.56257848e-04  1.42e-14 3.80e-13  3.44e-05     0s
   7   8.99836362e-07 -3.93322949e-07  9.56e-12 7.17e-11  1.08e-07     0s

Barrier solved model in 7 iterations and 0.04 seconds
Optimal objective 8.99836362e-07

Optimize a model with 0 rows, 2 columns and 0 nonzeros
Model has 3 quadratic objective terms
Model has 3 quadratic constraints
Coefficient statistics:
  Matrix range     [0e+00, 0e+00]
  QMatrix range    [1e+00, 1e+00]
  Objective range  [3e+02, 4e+02]
  QObjective range [1e+01, 6e+03]
  Bounds range     [0e+00, 0e+00]
  RHS range        [0e+00, 0e+00]
  QRHS range       [1e+00, 1e+00]
Presolve time: 0.02s
Presolved: 10 rows, 13 columns, 18 nonzeros
Presolved model has 4 second-order cone constraints
Ordering time: 0.00s

Barrier statistics:
 AA' NZ     : 2.700e+01
 Factor NZ  : 5.500e+01
 Factor Ops : 3.850e+02 (less than 1 second per iteration)
 Threads    : 1

                  Objective                Residual
Iter       Primal          Dual         Primal    Dual     Compl     Time
   0   2.64540923e+01  2.64540923e+01  5.33e-02 1.74e+01  4.39e+00     0s
   1   2.49882060e+01  2.45553434e+01  5.86e-08 6.75e+00  1.45e+00     0s
   2   2.34021037e+01  2.04924792e+01  6.44e-14 3.21e+00  9.32e-01     0s
   3   1.22986955e+01  9.11744901e+00  3.42e-14 9.21e-01  5.62e-01     0s
   4   4.25373294e+00 -3.84037001e+00  4.09e-16 1.01e-06  5.06e-01     0s
   5   9.80859050e-02 -1.42546945e-01  3.55e-15 1.17e-12  1.50e-02     0s
   6   3.10898993e-03 -3.49416699e-03  4.16e-17 5.22e-13  4.13e-04     0s
   7   5.36237630e-05 -1.03771470e-05  6.36e-13 3.66e-13  4.00e-06     0s
   8   4.94369598e-07 -2.17260908e-07  1.18e-10 6.60e-11  4.47e-08     0s

Barrier solved model in 8 iterations and 0.05 seconds
Optimal objective 4.94369598e-07

Optimize a model with 0 rows, 2 columns and 0 nonzeros
Model has 3 quadratic objective terms
Model has 4 quadratic constraints
Coefficient statistics:
  Matrix range     [0e+00, 0e+00]
  QMatrix range    [1e+00, 1e+00]
  Objective range  [3e+02, 4e+02]
  QObjective range [1e+01, 6e+03]
  Bounds range     [0e+00, 0e+00]
  RHS range        [0e+00, 0e+00]
  QRHS range       [1e+00, 1e+00]
Presolve time: 0.02s
Presolved: 13 rows, 16 columns, 23 nonzeros
Presolved model has 5 second-order cone constraints
Ordering time: 0.00s

Barrier statistics:
 AA' NZ     : 4.400e+01
 Factor NZ  : 9.100e+01
 Factor Ops : 8.190e+02 (less than 1 second per iteration)
 Threads    : 1

                  Objective                Residual
Iter       Primal          Dual         Primal    Dual     Compl     Time
   0   2.64540923e+01  2.64540923e+01  5.47e-02 1.74e+01  4.53e+00     0s
   1   2.49714513e+01  2.40770455e+01  6.01e-08 6.74e+00  1.50e+00     0s
   2   2.34978017e+01  2.00484273e+01  6.82e-14 3.19e+00  9.18e-01     0s
   3   1.22361838e+01  8.80787523e+00  3.64e-14 9.19e-01  5.06e-01     0s
   4   3.59709285e+00 -3.89891555e+00  1.15e-15 1.01e-06  3.75e-01     0s
   5   1.02152353e-01 -1.05360151e-01  7.11e-15 1.10e-12  1.04e-02     0s
   6   2.31241574e-03 -3.26950506e-03  2.13e-14 5.97e-13  2.79e-04     0s
   7   2.78958561e-05 -6.70837260e-06  3.91e-14 3.79e-12  1.73e-06     0s
   8   4.48098600e-07 -8.49706474e-08  1.73e-10 4.53e-10  2.69e-08     0s

Barrier solved model in 8 iterations and 0.04 seconds
Optimal objective 4.48098600e-07

Optimize a model with 0 rows, 2 columns and 0 nonzeros
Model has 3 quadratic objective terms
Model has 1 quadratic constraint
Coefficient statistics:
  Matrix range     [0e+00, 0e+00]
  QMatrix range    [1e+00, 1e+00]
  Objective range  [5e+01, 6e+01]
  QObjective range [1e-01, 6e+01]
  Bounds range     [0e+00, 0e+00]
  RHS range        [0e+00, 0e+00]
  QRHS range       [1e+00, 1e+00]
Presolve time: 0.01s
Presolved: 4 rows, 7 columns, 8 nonzeros
Presolved model has 2 second-order cone constraints
Ordering time: 0.00s

Barrier statistics:
 AA' NZ     : 5.000e+00
 Factor NZ  : 1.000e+01
 Factor Ops : 3.000e+01 (less than 1 second per iteration)
 Threads    : 1

                  Objective                Residual
Iter       Primal          Dual         Primal    Dual     Compl     Time
   0   4.80211780e+01  4.80211780e+01  4.35e-02 2.29e+01  4.80e+00     0s
   1   4.61474092e+01  4.67997319e+01  4.78e-08 9.23e+00  1.64e+00     0s
   2   4.33467602e+01  4.20770330e+01  5.28e-14 4.85e+00  1.28e+00     0s
   3   3.95781723e+01  3.42364590e+01  1.11e-15 2.46e+00  1.34e+00     0s
   4   2.13233877e+01  2.77712346e+01  8.88e-16 1.83e+00  8.37e-01     0s
   5   1.29361962e+01  2.23952054e+01  3.55e-15 8.96e-01  2.30e-01     0s
   6   8.66709111e+00  1.85760328e+01  5.51e-14 6.18e-01  1.03e-01     0s
   7   1.47556941e+01  1.18900106e+01  3.23e-13 3.21e-01  8.05e-01     0s
   8   4.23726721e+00  5.48950645e+00  4.26e-14 2.26e-01  5.63e-01     0s
   9   3.01635596e+00  2.99053478e+00  1.07e-14 4.58e-02  1.69e-01     0s
  10   2.93967820e+00  2.72401483e+00  1.24e-12 5.04e-08  2.70e-02     0s
  11   2.82032873e+00  2.81791217e+00  2.81e-13 1.39e-13  3.02e-04     0s
  12   2.81939105e+00  2.81921081e+00  1.40e-11 1.17e-12  2.25e-05     0s
  13   2.81932158e+00  2.81931100e+00  9.85e-11 1.23e-11  1.32e-06     0s
  14   2.81931871e+00  2.81931415e+00  1.19e-09 3.42e-09  5.66e-07     0s

Barrier solved model in 14 iterations and 0.05 seconds
Optimal objective 2.81931871e+00

Optimize a model with 0 rows, 2 columns and 0 nonzeros
Model has 3 quadratic objective terms
Model has 1 quadratic constraint
Coefficient statistics:
  Matrix range     [0e+00, 0e+00]
  QMatrix range    [1e+00, 1e+00]
  Objective range  [5e+01, 6e+01]
  QObjective range [1e-01, 6e+01]
  Bounds range     [0e+00, 0e+00]
  RHS range        [0e+00, 0e+00]
  QRHS range       [1e+00, 1e+00]
Presolve time: 0.02s
Presolved: 4 rows, 7 columns, 8 nonzeros
Presolved model has 2 second-order cone constraints
Ordering time: 0.00s

Barrier statistics:
 AA' NZ     : 5.000e+00
 Factor NZ  : 1.000e+01
 Factor Ops : 3.000e+01 (less than 1 second per iteration)
 Threads    : 1

                  Objective                Residual
Iter       Primal          Dual         Primal    Dual     Compl     Time
   0   4.80211780e+01  4.80211780e+01  4.35e-02 2.29e+01  4.80e+00     0s
   1   4.61474092e+01  4.67997319e+01  4.78e-08 9.23e+00  1.64e+00     0s
   2   4.33467602e+01  4.20770330e+01  5.28e-14 4.85e+00  1.28e+00     0s
   3   3.95781723e+01  3.42364590e+01  1.11e-15 2.46e+00  1.34e+00     0s
   4   2.13233877e+01  2.77712346e+01  8.88e-16 1.83e+00  8.37e-01     0s
   5   1.29361962e+01  2.23952054e+01  3.55e-15 8.96e-01  2.30e-01     0s
   6   8.66709111e+00  1.85760328e+01  5.51e-14 6.18e-01  1.03e-01     0s
   7   1.47556941e+01  1.18900106e+01  3.23e-13 3.21e-01  8.05e-01     0s
   8   4.23726721e+00  5.48950645e+00  4.26e-14 2.26e-01  5.63e-01     0s
   9   3.01635596e+00  2.99053478e+00  1.07e-14 4.58e-02  1.69e-01     0s
  10   2.93967820e+00  2.72401483e+00  1.24e-12 5.04e-08  2.70e-02     0s
  11   2.82032873e+00  2.81791217e+00  2.81e-13 1.39e-13  3.02e-04     0s
  12   2.81939105e+00  2.81921081e+00  1.40e-11 1.17e-12  2.25e-05     0s
  13   2.81932158e+00  2.81931100e+00  9.85e-11 1.23e-11  1.32e-06     0s
  14   2.81931871e+00  2.81931415e+00  1.19e-09 3.42e-09  5.66e-07     0s

Barrier solved model in 14 iterations and 0.05 seconds
Optimal objective 2.81931871e+00


Gurobi 8.0.1 (linux64, Python) logging started Thu Dec 13 14:38:15 2018

Academic license - for non-commercial use only

Gurobi 8.0.1 (linux64, Python) logging started Thu Dec 13 14:38:55 2018

Academic license - for non-commercial use only

Gurobi 8.0.1 (linux64, Python) logging started Thu Dec 13 14:39:23 2018

Academic license - for non-commercial use only

Gurobi 8.0.1 (linux64, Python) logging started Thu Dec 13 14:40:33 2018

Academic license - for non-commercial use only

Gurobi 8.0.1 (linux64, Python) logging started Thu Dec 13 14:40:55 2018

Academic license - for non-commercial use only

Gurobi 8.0.1 (linux64, Python) logging started Thu Dec 13 14:41:13 2018

Academic license - for non-commercial use only

Gurobi 8.0.1 (linux64, Python) logging started Thu Dec 13 14:41:54 2018

Academic license - for non-commercial use only

Gurobi 8.0.1 (linux64, Python) logging started Thu Dec 13 14:42:24 2018

Academic license - for non-commercial use only

Gurobi 8.0.1 (linux64, Python) logging started Thu Dec 13 14:43:00 2018

Academic license - for non-commercial use only

Gurobi 8.0.1 (linux64, Python) logging started Thu Dec 13 14:43:26 2018

Academic license - for non-commercial use only

Gurobi 8.0.1 (linux64, Python) logging started Thu Dec 13 14:44:36 2018

Academic license - for non-commercial use only

Gurobi 8.0.1 (linux64, Python) logging started Thu Dec 13 14:45:10 2018

Academic license - for non-commercial use only

Gurobi 8.0.1 (linux64, Python) logging started Thu Dec 13 14:45:49 2018

Academic license - for non-commercial use only

Gurobi 8.0.1 (linux64, Python) logging started Thu Dec 13 14:46:58 2018

Academic license - for non-commercial use only

Gurobi 8.0.1 (linux64, Python) logging started Thu Dec 13 14:47:25 2018

Academic license - for non-commercial use only

Gurobi 8.0.1 (linux64, Python) logging started Thu Dec 13 14:49:39 2018

Academic license - for non-commercial use only

Gurobi 8.0.1 (linux64, Python) logging started Thu Dec 13 14:50:03 2018

Academic license - for non-commercial use only

Gurobi 8.0.1 (linux64, Python) logging started Thu Dec 13 14:54:12 2018

Academic license - for non-commercial use only
